Build started 10/10/2014 2:16:24 PM.
     1>Project "C:\Users\djon\Documents\CPA\Semester6\Concurrent Processing 2\pokerhands\parallel_pokerhands\parallel_pokerhands.vcxproj" on node 2 (Build target(s)).
     1>ClCompile:
         C:\Program Files (x86)\Microsoft Visual Studio 12.0\VC\bin\CL.exe /c /Zi /nologo /W3 /WX- /O2 /Oi /Oy- /GL /D WIN32 /D NDEBUG /D _CONSOLE /D _LIB /D _UNICODE /D UNICODE /Gm- /EHsc /MD /GS /Gy /fp:precise /Zc:wchar_t /Zc:forScope /Fo"Release\\" /Fd"Release\vc120.pdb" /Gd /TP /analyze- /errorReport:prompt card.cpp deck.cpp hand.cpp parallel_main.cpp process.cpp stats.cpp
         card.cpp
         deck.cpp
         hand.cpp
         parallel_main.cpp
         process.cpp
         stats.cpp
       Link:
         C:\Program Files (x86)\Microsoft Visual Studio 12.0\VC\bin\link.exe /ERRORREPORT:PROMPT /OUT:"C:\Users\djon\Documents\CPA\Semester6\Concurrent Processing 2\pokerhands\Release\parallel_pokerhands.exe" /INCREMENTAL:NO /NOLOGO mpi.lib kernel32.lib user32.lib gdi32.lib winspool.lib comdlg32.lib advapi32.lib shell32.lib ole32.lib oleaut32.lib uuid.lib odbc32.lib odbccp32.lib /MANIFEST /MANIFESTUAC:"level='asInvoker' uiAccess='false'" /manifest:embed /DEBUG /PDB:"C:\Users\djon\Documents\CPA\Semester6\Concurrent Processing 2\pokerhands\Release\parallel_pokerhands.pdb" /SUBSYSTEM:CONSOLE /OPT:REF /OPT:ICF /LTCG /TLBID:1 /DYNAMICBASE /NXCOMPAT /IMPLIB:"C:\Users\djon\Documents\CPA\Semester6\Concurrent Processing 2\pokerhands\Release\parallel_pokerhands.lib" /MACHINE:X86 /SAFESEH Release\card.obj
         Release\deck.obj
         Release\hand.obj
         Release\parallel_main.obj
         Release\process.obj
         Release\stats.obj
         Generating code
         Finished generating code
         parallel_pokerhands.vcxproj -> C:\Users\djon\Documents\CPA\Semester6\Concurrent Processing 2\pokerhands\Release\parallel_pokerhands.exe
     1>Done Building Project "C:\Users\djon\Documents\CPA\Semester6\Concurrent Processing 2\pokerhands\parallel_pokerhands\parallel_pokerhands.vcxproj" (Build target(s)).

Build succeeded.

Time Elapsed 00:00:06.45
